C:\USERS\USER\DESKTOP\Универ\2 семестр\Курсовая\KURSOVAYA\DEBUG\KURSOVAYA.EXE
C:\USERS\USER\DESKTOP\Универ\2 семестр\Курсовая\KURSOVAYA\DEBUG\KURSOVAYA.ILK
C:\USERS\USER\DESKTOP\УНИВЕР\2 СЕМЕСТР\КУРСОВАЯ\KURSOVAYA\DEBUG\KURSOVAYA.PDB
C:\USERS\USER\DESKTOP\Универ\2 семестр\Курсовая\KURSOVAYA\KURSOVAYA\DEBUG\.NETFRAMEWORK,VERSION=V4.0.ASSEMBLYATTRIBUTES.OBJ
C:\USERS\USER\DESKTOP\Универ\2 семестр\Курсовая\KURSOVAYA\KURSOVAYA\DEBUG\APP.RES
C:\USERS\USER\DESKTOP\УНИВЕР\2 СЕМЕСТР\КУРСОВАЯ\KURSOVAYA\KURSOVAYA\DEBUG\ASSEMBLYINFO.OBJ
C:\Users\User\Desktop\Универ\2 семестр\Курсовая\Kursovaya\Kursovaya\Debug\cl.command.1.tlog
C:\Users\User\Desktop\Универ\2 семестр\Курсовая\Kursovaya\Kursovaya\Debug\CL.read.1.tlog
C:\Users\User\Desktop\Универ\2 семестр\Курсовая\Kursovaya\Kursovaya\Debug\CL.write.1.tlog
C:\USERS\USER\DESKTOP\Универ\2 семестр\Курсовая\KURSOVAYA\KURSOVAYA\DEBUG\KURSOVAYA.EXE.INTERMEDIATE.MANIFEST
C:\Users\User\Desktop\Универ\2 семестр\Курсовая\Kursovaya\Kursovaya\Debug\Kursovaya.Form1.resources
C:\Users\User\Desktop\Универ\2 семестр\Курсовая\Kursovaya\Kursovaya\Debug\Kursovaya.obj
C:\USERS\USER\DESKTOP\Универ\2 семестр\Курсовая\KURSOVAYA\KURSOVAYA\DEBUG\KURSOVAYA.PCH
C:\Users\User\Desktop\Универ\2 семестр\Курсовая\Kursovaya\Kursovaya\Debug\Kursovaya.vcxproj.AssemblyReference.cache
C:\Users\User\Desktop\Универ\2 семестр\Курсовая\Kursovaya\Kursovaya\Debug\Kursovaya.vcxproj.GenerateResource.Cache
C:\Users\User\Desktop\Универ\2 семестр\Курсовая\Kursovaya\Kursovaya\Debug\Kursovaya.vcxprojResolveAssemblyReference.cache
C:\Users\User\Desktop\Универ\2 семестр\Курсовая\Kursovaya\Kursovaya\Debug\Kursovaya.write.1.tlog
C:\Users\User\Desktop\Универ\2 семестр\Курсовая\Kursovaya\Kursovaya\Debug\link.12272.read.1.tlog
C:\Users\User\Desktop\Универ\2 семестр\Курсовая\Kursovaya\Kursovaya\Debug\link.12272.write.1.tlog
C:\Users\User\Desktop\Универ\2 семестр\Курсовая\Kursovaya\Kursovaya\Debug\link.12272-cvtres.read.1.tlog
C:\Users\User\Desktop\Универ\2 семестр\Курсовая\Kursovaya\Kursovaya\Debug\link.12272-cvtres.write.1.tlog
C:\Users\User\Desktop\Универ\2 семестр\Курсовая\Kursovaya\Kursovaya\Debug\link.12748.read.1.tlog
C:\Users\User\Desktop\Универ\2 семестр\Курсовая\Kursovaya\Kursovaya\Debug\link.12748.write.1.tlog
C:\Users\User\Desktop\Универ\2 семестр\Курсовая\Kursovaya\Kursovaya\Debug\link.12748-cvtres.read.1.tlog
C:\Users\User\Desktop\Универ\2 семестр\Курсовая\Kursovaya\Kursovaya\Debug\link.12748-cvtres.write.1.tlog
C:\Users\User\Desktop\Универ\2 семестр\Курсовая\Kursovaya\Kursovaya\Debug\link.command.1.tlog
C:\Users\User\Desktop\Универ\2 семестр\Курсовая\Kursovaya\Kursovaya\Debug\link.read.1.tlog
C:\Users\User\Desktop\Универ\2 семестр\Курсовая\Kursovaya\Kursovaya\Debug\link.write.1.tlog
C:\Users\User\Desktop\Универ\2 семестр\Курсовая\Kursovaya\Kursovaya\Debug\link-cvtres.read.1.tlog
C:\Users\User\Desktop\Универ\2 семестр\Курсовая\Kursovaya\Kursovaya\Debug\link-cvtres.write.1.tlog
C:\Users\User\Desktop\Универ\2 семестр\Курсовая\Kursovaya\Kursovaya\Debug\mt.command.1.tlog
C:\Users\User\Desktop\Универ\2 семестр\Курсовая\Kursovaya\Kursovaya\Debug\mt.read.1.tlog
C:\Users\User\Desktop\Универ\2 семестр\Курсовая\Kursovaya\Kursovaya\Debug\mt.write.1.tlog
C:\USERS\USER\DESKTOP\УНИВЕР\2 СЕМЕСТР\КУРСОВАЯ\KURSOVAYA\KURSOVAYA\DEBUG\PLUS.OBJ
C:\USERS\USER\DESKTOP\УНИВЕР\2 СЕМЕСТР\КУРСОВАЯ\KURSOVAYA\KURSOVAYA\DEBUG\PLUS_S.OBJ
C:\Users\User\Desktop\Универ\2 семестр\Курсовая\Kursovaya\Kursovaya\Debug\rc.command.1.tlog
C:\Users\User\Desktop\Универ\2 семестр\Курсовая\Kursovaya\Kursovaya\Debug\rc.read.1.tlog
C:\Users\User\Desktop\Универ\2 семестр\Курсовая\Kursovaya\Kursovaya\Debug\rc.write.1.tlog
C:\USERS\USER\DESKTOP\Универ\2 семестр\Курсовая\KURSOVAYA\KURSOVAYA\DEBUG\STDAFX.OBJ
C:\USERS\USER\DESKTOP\УНИВЕР\2 СЕМЕСТР\КУРСОВАЯ\KURSOVAYA\KURSOVAYA\DEBUG\VC100.PDB
